2023-08-28 11:36:07,565:INFO:Initializing load_model()
2023-08-28 11:36:07,566:INFO:load_model(model_name=deployment_28042020, platform=None, authentication=None, verbose=True)
2023-08-28 11:37:23,381:INFO:Initializing load_model()
2023-08-28 11:37:23,381:INFO:load_model(model_name=deployment_28042020, platform=None, authentication=None, verbose=True)
2023-08-28 11:38:38,228:INFO:Initializing load_model()
2023-08-28 11:38:38,228:INFO:load_model(model_name=deployment_28042020, platform=None, authentication=None, verbose=True)
2023-08-28 11:42:41,529:INFO:Initializing predict_model()
2023-08-28 11:42:41,529:INFO:predict_model(estimator=Pipeline(steps=[('dtypes',
                 DataTypes_Auto_infer(display_types=False,
                                      ml_usecase='regression',
                                      target='charges')),
                ('imputer',
                 Simple_Imputer(categorical_strategy='not_available',
                                fill_value_categorical=None,
                                fill_value_numerical=None,
                                numeric_strategy='mean',
                                target_variable=None)),
                ('new_levels1',
                 New_Catagorical_Levels_in_TestData(replacement_strategy='leas...
                ('binn', Binning(features_to_discretize=['age', 'bmi'])),
                ('rem_outliers', 'passthrough'), ('cluster_all', 'passthrough'),
                ('dummy', Dummify(target='charges')),
                ('fix_perfect', Remove_100(target='charges')),
                ('clean_names', Clean_Colum_Names()),
                ('feature_select', 'passthrough'), ('fix_multi', 'passthrough'),
                ('dfs', 'passthrough'), ('pca', 'passthrough'),
                ['trained_model', LinearRegression(n_jobs=-1)]]), probability_threshold=None, encoded_labels=True, raw_score=False, round=0, verbose=True, ml_usecase=MLUsecase.REGRESSION, display=None)
2023-08-28 11:42:41,529:INFO:Checking exceptions
2023-08-28 11:42:41,530:INFO:Preloading libraries
